<?xml version="1.0" encoding="UTF-8"?>
<!-- Generated by org.testng.reporters.JUnitXMLReporter -->
<testsuite ignored="0" hostname="DESKTOP-1UR8VD7" failures="0" tests="3" name="Amazon Test" time="6.164" errors="0" timestamp="2022-09-27T20:50:15 IST">
  <testcase classname="testcases.AmazonTest" name="searchTest" time="0.257"/>
  <testcase classname="testcases.AmazonTest" name="logoTest" time="0.076"/>
  <testcase classname="testcases.AmazonTest" name="pageTitleTest" time="0.022"/>
</testsuite> <!-- Amazon Test -->
